<!DOCTYPE html PUBLIC "-//W3C//DTD XHTML 1.1//EN" "https://www.w3.org/TR/xhtml11/DTD/xhtml11.dtd">
<html xmlns="https://www.w3.org/1999/xhtml">
<head>
<meta http-equiv="content-type" content="text/html; charset=UTF-8"/>
<title>TestNG Report</title>
<style type="text/css">table {margin-bottom:10px;border-collapse:collapse;empty-cells:show}th,td {border:1px solid #009;padding:.25em .5em}th {vertical-align:bottom}td {vertical-align:top}table a {font-weight:bold}.stripe td {background-color: #E6EBF9}.num {text-align:right}.passedodd td {background-color: #3F3}.passedeven td {background-color: #0A0}.skippedodd td {background-color: #DDD}.skippedeven td {background-color: #CCC}.failedodd td,.attn {background-color: #F33}.failedeven td,.stripe .attn {background-color: #D00}.stacktrace {white-space:pre;font-family:monospace}.totop {font-size:85%;text-align:center;border-bottom:2px solid #000}.invisible {display:none}</style>
</head>
<body>
<table>
<tr><th>Test</th><th># Passed</th><th># Skipped</th><th># Retried</th><th># Failed</th><th>Time (ms)</th><th>Included Groups</th><th>Excluded Groups</th></tr>
<tr><th colspan="8">One Family Test Suite</th></tr>
<tr><td><a href="#t0">Employees test suite</a></td><td class="num">2</td><td class="num">0</td><td class="num">0</td><td class="num attn">1</td><td class="num">4,066</td><td></td><td></td></tr>
<tr class="stripe"><td><a href="#t1">Holiday Booking Tests</a></td><td class="num">0</td><td class="num">0</td><td class="num">0</td><td class="num attn">1</td><td class="num">17,888</td><td></td><td></td></tr>
<tr><th>Total</th><th class="num">2</th><th class="num">0</th><th class="num">0</th><th class="num attn">2</th><th class="num">21,954</th><th colspan="2"></th></tr>
</table>
<table id='summary'><thead><tr><th>Class</th><th>Method</th><th>Start</th><th>Time (ms)</th></tr></thead><tbody><tr><th colspan="4">One Family Test Suite</th></tr></tbody><tbody id="t0"><tr><th colspan="4">Employees test suite &#8212; failed</th></tr><tr class="failedeven"><td rowspan="1">org.onefamily.AppTest</td><td><a href="#m0">verifyEmployees</a></td><td rowspan="1">1657117971851</td><td rowspan="1">1057</td></tr><tr><th colspan="4">Employees test suite &#8212; passed</th></tr><tr class="passedeven"><td rowspan="2">org.onefamily.AppTest</td><td><a href="#m1">verifyEmployeeById</a></td><td rowspan="2">1657117971183</td><td rowspan="2">667</td></tr><tr class="passedeven"><td><a href="#m2">verifyEmployeeById</a></td></tr></tbody>
<tbody id="t1"><tr><th colspan="4">Holiday Booking Tests &#8212; failed</th></tr><tr class="failedeven"><td rowspan="1">org.onefamily.MailTravelTests</td><td><a href="#m3">verifyHolidayBooking</a></td><td rowspan="1">1657117980569</td><td rowspan="1">15084</td></tr></tbody>
</table>
<h2>Employees test suite</h2><h3 id="m0">org.onefamily.AppTest#verifyEmployees</h3><table class="result"><tr><th>Exception</th></tr><tr><td><div class="stacktrace">java.lang.AssertionError: [Employees api should respond with status code 200] 
expected: 200
 but was: 429
	at org.onefamily.AppTest.verifyEmployees(AppTest.java:43)
	at java.base/java.util.ArrayList.forEach(ArrayList.java:1511)
... Removed 31 stack frames</div></td></tr></table><p class="totop"><a href="#summary">back to summary</a></p>
<h3 id="m1">org.onefamily.AppTest#verifyEmployeeById</h3><table class="result"><tr class="param"><th>Parameter #1</th></tr><tr class="param stripe"><td>5</td></tr></table><p class="totop"><a href="#summary">back to summary</a></p>
<h3 id="m2">org.onefamily.AppTest#verifyEmployeeById</h3><table class="result"><tr class="param"><th>Parameter #1</th></tr><tr class="param stripe"><td>2</td></tr></table><p class="totop"><a href="#summary">back to summary</a></p>
<h2>Holiday Booking Tests</h2><h3 id="m3">org.onefamily.MailTravelTests#verifyHolidayBooking</h3><table class="result"><tr class="param"><th>Parameter #1</th><th>Parameter #2</th><th>Parameter #3</th><th>Parameter #4</th><th>Parameter #5</th></tr><tr class="param stripe"><td>India</td><td>11 Days</td><td>Â£1,499</td><td>11</td><td>1</td></tr><tr><th colspan="5">Exception</th></tr><tr><td colspan="5"><div class="stacktrace">org.openqa.selenium.WebDriverException: unknown error: unexpected command response
  (Session info: chrome=103.0.5060.114)
Build info: version: &apos;4.3.0&apos;, revision: &apos;a4995e2c09*&apos;
System info: host: &apos;Harishs-MacBook-Pro.local&apos;, ip: &apos;2a00:23c6:2991:ce01:c413:5c75:2835:d40b%en0&apos;, os.name: &apos;Mac OS X&apos;, os.arch: &apos;x86_64&apos;, os.version: &apos;10.15.7&apos;, java.version: &apos;15.0.1&apos;
Driver info: org.openqa.selenium.chrome.ChromeDriver
Command: [ebeb7cefcad7997ae0a9f1f61a1a122d, executeScript {script=document.querySelector(&apos;#paxform-select &gt; button&apos;).click(), args=[]}]
Capabilities {acceptInsecureCerts: false, browserName: chrome, browserVersion: 103.0.5060.114, chrome: {chromedriverVersion: 103.0.5060.53 (a1711811edd7..., userDataDir: /var/folders/n0/4vkqc8qs5vb...}, goog:chromeOptions: {debuggerAddress: localhost:51294}, networkConnectionEnabled: false, pageLoadStrategy: normal, platformName: MAC, proxy: Proxy(), se:cdp: ws://localhost:51294/devtoo..., se:cdpVersion: 103.0.5060.114, setWindowRect: true, strictFileInteractability: false, timeouts: {implicit: 0, pageLoad: 300000, script: 30000}, unhandledPromptBehavior: dismiss and notify, webauthn:extension:credBlob: true, webauthn:extension:largeBlob: true, webauthn:virtualAuthenticators: true}
Session ID: ebeb7cefcad7997ae0a9f1f61a1a122d
	at org.openqa.selenium.remote.codec.w3c.W3CHttpResponseCodec.createException(W3CHttpResponseCodec.java:200)
	at org.openqa.selenium.remote.codec.w3c.W3CHttpResponseCodec.decode(W3CHttpResponseCodec.java:133)
	at org.openqa.selenium.remote.codec.w3c.W3CHttpResponseCodec.decode(W3CHttpResponseCodec.java:53)
	at org.openqa.selenium.remote.HttpCommandExecutor.execute(HttpCommandExecutor.java:184)
	at org.openqa.selenium.remote.service.DriverCommandExecutor.invokeExecute(DriverCommandExecutor.java:167)
	at org.openqa.selenium.remote.service.DriverCommandExecutor.execute(DriverCommandExecutor.java:142)
	at org.openqa.selenium.remote.RemoteWebDriver.execute(RemoteWebDriver.java:569)
	at org.openqa.selenium.remote.RemoteWebDriver.executeScript(RemoteWebDriver.java:503)
	at org.onefamily.pages.PassengerDetails.contd(PassengerDetails.java:93)
	at org.onefamily.MailTravelTests.verifyHolidayBooking(MailTravelTests.java:96)
	at java.base/java.util.ArrayList.forEach(ArrayList.java:1511)
... Removed 36 stack frames</div></td></tr></table><p class="totop"><a href="#summary">back to summary</a></p>
</body>
</html>
